0 info it worked if it ends with ok
1 verbose cli [ 'node', '/usr/local/bin/npm', 'publish' ]
2 info using npm@1.4.23
3 info using node@v0.10.25
4 verbose publish [ '.' ]
5 verbose cache add [ '.', null ]
6 verbose cache add name=undefined spec="." args=[".",null]
7 verbose parsed url { protocol: null,
7 verbose parsed url   slashes: null,
7 verbose parsed url   auth: null,
7 verbose parsed url   host: null,
7 verbose parsed url   port: null,
7 verbose parsed url   hostname: null,
7 verbose parsed url   hash: null,
7 verbose parsed url   search: null,
7 verbose parsed url   query: null,
7 verbose parsed url   pathname: '.',
7 verbose parsed url   path: '.',
7 verbose parsed url   href: '.' }
8 silly lockFile 3a52ce78- .
9 verbose lock . /Users/muaddub/.npm/3a52ce78-.lock
10 verbose tar pack [ '/Users/muaddub/.npm/node-recurly/2.1.1/package.tgz', '.' ]
11 verbose tarball /Users/muaddub/.npm/node-recurly/2.1.1/package.tgz
12 verbose folder .
13 info prepublish node-recurly@2.1.1
14 silly lockFile 1f1177db-tar tar://.
15 verbose lock tar://. /Users/muaddub/.npm/1f1177db-tar.lock
16 silly lockFile 9db18a03-m-node-recurly-2-1-1-package-tgz tar:///Users/muaddub/.npm/node-recurly/2.1.1/package.tgz
17 verbose lock tar:///Users/muaddub/.npm/node-recurly/2.1.1/package.tgz /Users/muaddub/.npm/9db18a03-m-node-recurly-2-1-1-package-tgz.lock
18 silly lockFile 1f1177db-tar tar://.
19 silly lockFile 1f1177db-tar tar://.
20 silly lockFile 9db18a03-m-node-recurly-2-1-1-package-tgz tar:///Users/muaddub/.npm/node-recurly/2.1.1/package.tgz
21 silly lockFile 9db18a03-m-node-recurly-2-1-1-package-tgz tar:///Users/muaddub/.npm/node-recurly/2.1.1/package.tgz
22 silly lockFile bd2de35e-b-npm-node-recurly-2-1-1-package /Users/muaddub/.npm/node-recurly/2.1.1/package
23 verbose lock /Users/muaddub/.npm/node-recurly/2.1.1/package /Users/muaddub/.npm/bd2de35e-b-npm-node-recurly-2-1-1-package.lock
24 silly lockFile bd2de35e-b-npm-node-recurly-2-1-1-package /Users/muaddub/.npm/node-recurly/2.1.1/package
25 silly lockFile bd2de35e-b-npm-node-recurly-2-1-1-package /Users/muaddub/.npm/node-recurly/2.1.1/package
26 silly lockFile 3a52ce78- .
27 silly lockFile 3a52ce78- .
28 silly publish { name: 'node-recurly',
28 silly publish   version: '2.1.1',
28 silly publish   homepage: 'https://github.com/AlexisReverte/node-recurly',
28 silly publish   bugs: { url: 'https://github.com/AlexisReverte/node-recurly/issues' },
28 silly publish   directories: { lib: './lib' },
28 silly publish   repository:
28 silly publish    { type: 'git',
28 silly publish      url: 'https://github.com/AlexisReverte/node-recurly.git' },
28 silly publish   main: './lib/recurly.js',
28 silly publish   dependencies: { xml2js: '>= 0.4.0', libxmljs: '>=0.8.1' },
28 silly publish   readme: 'Node-Recurly\n===============\n\nnode-recurly is a node.js library for using the recurly recurring billing service. This library is intended to follow very closely the recurly documentation found at:\nhttp://docs.recurly.com/\n\nInstallation\n===============\n\n\tnpm install node-recurly\n\nadd a config file to your project that has contents similar to:\n\n\t\tmodule.exports = {\n\t\t\tAPI_KEY: \'secret\',\n\t\t\tSUBDOMAIN:    \'[your_account]\',\n\t\t\tENVIRONMENT:  \'sandbox\',\n\t\t\tDEBUG: false\n\t\t};\n\n\nUsage\n===============\n\n\t\tvar Recurly = require(\'node-recurly\');\n\t\tvar recurly = new Recurly(require(\'./config\'));\n\nAfter that, just call the methods below:\n\n\nAccounts\n===============\nhttp://docs.recurly.com/api/accounts\n\n\n\n\trecurly.accounts.list(callback, filter)\n\n\trecurly.accounts.create(details, callback)\n\n\trecurly.accounts.update(accountcode, details, callback) \n\n\trecurly.accounts.get(accountcode, callback) \n\n\trecurly.accounts.close(accountcode, callback) \n\n\trecurly.accounts.reopen(accountcode, callback)\n\n\nBilling Information\n===============\nhttp://docs.recurly.com/api/billing-info\n\n\trecurly.billingInfo.update(accountcode, details, callback) \n\n\n\trecurly.billingInfo.get(accountcode, callback) \n\n\n\trecurly.billingInfo.remove(accountcode, callback) \n\n\n\nAdjustments\n===============\nhttp://docs.recurly.com/api/adjustments\n\n\trecurly.adjustments.get(accountcode, callback)\n  \n\trecurly.adjustments.create(accountcode, details, callback)\n\n\trecurly.adjustments.remove(uuid, callback)\n\n\nCoupons\n===============\nhttp://docs.recurly.com/api/coupons\n\n\trecurly.coupons.list(callback, filter)\n\t\n\trecurly.coupons.get(couponcode, callback)\n\n\trecurly.coupons.create(details, callback)\n\n\trecurly.coupons.deactivate(couponcode, callback)\n\nCoupon Redemtion\n=================\nhttp://docs.recurly.com/api/coupons/coupon-redemption\n  \n\trecurly.couponRedemption.redeem(couponcode, details, callback)\n\n\trecurly.couponRedemption.get(accountcode, callback)\n\n\trecurly.couponRedemption.remove(accountcode, callback)\n\n\trecurly.couponRedemption.getByInvoice(invoicenumber, callback)\n\n\n\nInvoices\n===============\nhttp://docs.recurly.com/api/invoices\n\n\trecurly.invoices.list(callback, filter)\n\t\n\trecurly.invoices.listByAccount(accountcode, callback, filter)\n\n\trecurly.invoices.get(invoicenumber, callback)\n  \n\trecurly.invoices.create(accountcode, details, callback)\n\n\trecurly.invoices.markSuccessful(invoicenumber, callback)\n\n\trecurly.invoices.markFailed(invoicenumber, callback)\n\n\nSubscriptions\n===============\nhttp://docs.recurly.com/api/subscriptions\n\n\trecurly.subscriptions.list(callback, filter) \n\t\n\trecurly.subscriptions.listByAccount(accountcode, callback) \n\n\trecurly.subscriptions.get(uuid, callback) \n\n\trecurly.subscriptions.create(details, callback) \n  \n\trecurly.subscriptions.update(uuid, details, callback) \n  \n\trecurly.subscriptions.cancel(uuid, callback) \n  \n\trecurly.subscriptions.reactivate(uuid, callback) \n  \n\trecurly.subscriptions.terminate(uuid, refundType, callback) \n\n \trecurly.subscriptions.postpone(uuid, nextRenewalDate, callback) \n\n\nSubscription Plans\n==================\nhttp://docs.recurly.com/api/plans\n\n\trecurly.plans.list(callback, filter) \n\n\trecurly.plans.get(plancode, callback) \n\t\n\trecurly.plans.create(details, callback)\n  \n\trecurly.plans.update(plancode, details, callback)\n  \n\trecurly.plans.remove(plancode, callback)\n\nPlan Add-ons\n==================\nhttp://docs.recurly.com/api/plans/add-ons\n\n\trecurly.planAddons.list(plancode, callback, filter) \n\n\trecurly.planAddons.get(plancode, addoncode, callback) \n  \n\trecurly.planAddons.create(plancode, details, callback)\n  \n\trecurly.planAddons.update(plancode, addoncode, details, callback)\n  \n\trecurly.planAddons.remove(plancode, addoncode, callback)\n\n\nTransactions\n===============\nhttp://docs.recurly.com/api/transactions\n\n\trecurly.transactions.list(callback, filter) \n\n\n\trecurly.transactions.listByAccount(accountcode, callback, filter) \n\n\n\trecurly.transactions.get(id, callback) \n\n\n\trecurly.transactions.create(details, callback) \n\n\n\trecurly.transactions.refund(id, callback, amount) \n',
28 silly publish   readmeFilename: 'README.md',
28 silly publish   gitHead: '62270c5cf3b0ca169ed0f6fea9593615b62fb667',
28 silly publish   description: 'Node-Recurly ===============',
28 silly publish   _id: 'node-recurly@2.1.1',
28 silly publish   scripts: {},
28 silly publish   _shasum: '4664675054c0bdb784df9d3ea54d34d9cf1e0481',
28 silly publish   _from: '.' }
29 verbose request where is /node-recurly
30 verbose request registry https://registry.npmjs.org/
31 verbose request id af96c00fa202ba05
32 verbose url raw /node-recurly
33 verbose url resolving [ 'https://registry.npmjs.org/', './node-recurly' ]
34 verbose url resolved https://registry.npmjs.org/node-recurly
35 verbose request where is https://registry.npmjs.org/node-recurly
36 info trying registry request attempt 1 at 18:12:09
37 http PUT https://registry.npmjs.org/node-recurly
38 http 403 https://registry.npmjs.org/node-recurly
39 verbose headers { date: 'Thu, 21 Aug 2014 16:11:58 GMT',
39 verbose headers   server: 'CouchDB/1.5.0 (Erlang OTP/R14B04)',
39 verbose headers   'content-type': 'application/json',
39 verbose headers   'cache-control': 'max-age=60',
39 verbose headers   'content-length': '748',
39 verbose headers   'accept-ranges': 'bytes',
39 verbose headers   via: '1.1 varnish',
39 verbose headers   'x-served-by': 'cache-lcy1128-LCY',
39 verbose headers   'x-cache': 'MISS',
39 verbose headers   'x-cache-hits': '0',
39 verbose headers   'x-timer': 'S1408637517.970036,VS0,VE776',
39 verbose headers   'keep-alive': 'timeout=10, max=50',
39 verbose headers   connection: 'Keep-Alive' }
40 error publish Failed PUT 403
41 error Error: forbidden user: matsiya not authorized to modify node-recurly
41 error Changed: description "Library for accessing the api for the Recurly recurring billing service." -> "Node-Recurly ==============="
41 error Changed: dist-tags.latest "2.1.0" -> "2.1.1"
41 error Added: versions.2.1.1
41 error Changed: time.modified "2014-01-26T00:58:40.930Z" -> "2014-08-21T16:10:29.667Z"
41 error Added: time.2.1.1
41 error Deleted: author
41 error Changed: homepage "https://github.com/robrighter/node-recurly" -> "https://github.com/AlexisReverte/node-recurly"
41 error Deleted: keywords
41 error Deleted: contributors
41 error Changed: bugs.url "https://github.com/robrighter/node-recurly/issues" -> "https://github.com/AlexisReverte/node-recurly/issues"
41 error Added: repository
41 error Added: _attachments: node-recurly
41 error     at RegClient.<anonymous> (/usr/local/lib/node_modules/npm/node_modules/npm-registry-client/lib/request.js:300:14)
41 error     at Request._callback (/usr/local/lib/node_modules/npm/node_modules/npm-registry-client/lib/request.js:238:65)
41 error     at Request.self.callback (/usr/local/lib/node_modules/npm/node_modules/request/request.js:123:22)
41 error     at Request.EventEmitter.emit (events.js:98:17)
41 error     at Request.<anonymous> (/usr/local/lib/node_modules/npm/node_modules/request/request.js:893:14)
41 error     at Request.EventEmitter.emit (events.js:117:20)
41 error     at IncomingMessage.<anonymous> (/usr/local/lib/node_modules/npm/node_modules/request/request.js:844:12)
41 error     at IncomingMessage.EventEmitter.emit (events.js:117:20)
41 error     at _stream_readable.js:920:16
41 error     at process._tickCallback (node.js:415:13)
42 error If you need help, you may report this *entire* log,
42 error including the npm and node versions, at:
42 error     <http://github.com/npm/npm/issues>
43 error System Darwin 13.3.0
44 error command "node" "/usr/local/bin/npm" "publish"
45 error cwd /Users/muaddub/Documents/Matsiya/Development/Applications/GitHub/node-recurly
46 error node -v v0.10.25
47 error npm -v 1.4.23
48 verbose exit [ 1, true ]
